<?xml version="1.0" encoding="UTF-8"?>
<!-- Generated by org.testng.reporters.JUnitReportReporter -->
<testsuite hostname="CG-DTE-Student" name="demo.testngdemo.Demo3" tests="7" failures="0" timestamp="3 Feb 2021 12:24:49 GMT" time="0.169" errors="0">
  <testcase name="tc2" time="0.009" classname="demo.testngdemo.Demo3"/>
  <testcase name="tc4" time="0.004" classname="demo.testngdemo.Demo3"/>
  <testcase name="tc5" time="0.022" classname="demo.testngdemo.Demo3"/>
  <testcase name="tc6" time="0.114" classname="demo.testngdemo.Demo3"/>
  <testcase name="tc1" time="0.010" classname="demo.testngdemo.Demo3"/>
  <testcase name="tc3" time="0.005" classname="demo.testngdemo.Demo3"/>
  <testcase name="tc7" time="0.005" classname="demo.testngdemo.Demo3"/>
</testsuite> <!-- demo.testngdemo.Demo3 -->
