<?xml version="1.0" encoding="UTF-8"?>
<!-- Generated by org.testng.reporters.JUnitReportReporter -->
<testsuite hostname="CG-DTE-Student" name="demo.testngdemo.Parallel2" tests="1" failures="0" timestamp="5 Feb 2021 10:52:56 GMT" time="69.458" errors="0">
  <testcase name="TC2" time="69.458" classname="demo.testngdemo.Parallel2"/>
</testsuite> <!-- demo.testngdemo.Parallel2 -->
