<?xml version="1.0" encoding="UTF-8"?>
<!-- Generated by org.testng.reporters.JUnitReportReporter -->
<testsuite hostname="CG-DTE-Student" name="demo.testngdemo.Parallel1" tests="2" failures="0" timestamp="5 Feb 2021 10:52:56 GMT" time="141.083" errors="0">
  <testcase name="TC1" time="69.899" classname="demo.testngdemo.Parallel1"/>
  <testcase name="TC2" time="71.184" classname="demo.testngdemo.Parallel1"/>
</testsuite> <!-- demo.testngdemo.Parallel1 -->
