<?xml version="1.0" encoding="UTF-8"?>
<!-- Generated by org.testng.reporters.JUnitReportReporter -->
<testsuite hostname="CG-DTE-Student" name="demo.testngdemo.DemoReadDataP" tests="5" failures="0" timestamp="4 Feb 2021 11:01:44 GMT" time="0.038" errors="0">
  <testcase name="tc" time="0.002" classname="demo.testngdemo.DemoReadDataP"/>
  <testcase name="tc" time="0.006" classname="demo.testngdemo.DemoReadDataP"/>
  <testcase name="tc" time="0.002" classname="demo.testngdemo.DemoReadDataP"/>
  <testcase name="tc" time="0.022" classname="demo.testngdemo.DemoReadDataP"/>
  <testcase name="tc" time="0.006" classname="demo.testngdemo.DemoReadDataP"/>
</testsuite> <!-- demo.testngdemo.DemoReadDataP -->
