<?xml version="1.0" encoding="UTF-8"?>
<!-- Generated by org.testng.reporters.JUnitReportReporter -->
<testsuite hostname="CG-DTE-Student" name="demo.testngdemo.Demo2" tests="2" failures="0" timestamp="3 Feb 2021 10:55:37 GMT" time="0.131" errors="0">
  <testcase name="tc_1" time="0.119" classname="demo.testngdemo.Demo2"/>
  <testcase name="tc_2" time="0.012" classname="demo.testngdemo.Demo2"/>
</testsuite> <!-- demo.testngdemo.Demo2 -->
