<?xml version="1.0" encoding="UTF-8"?>
<!-- Generated by org.testng.reporters.JUnitReportReporter -->
<testsuite hostname="CG-DTE-Student" name="demo.testngdemo.DemoDataProvider" tests="3" failures="0" timestamp="4 Feb 2021 10:38:16 GMT" time="0.077" errors="0">
  <testcase name="tc" time="0.029" classname="demo.testngdemo.DemoDataProvider"/>
  <testcase name="tc" time="0.044" classname="demo.testngdemo.DemoDataProvider"/>
  <testcase name="tc" time="0.004" classname="demo.testngdemo.DemoDataProvider"/>
</testsuite> <!-- demo.testngdemo.DemoDataProvider -->
