<?xml version="1.0" encoding="UTF-8"?>
<!-- Generated by org.testng.reporters.JUnitReportReporter -->
<testsuite hostname="CG-DTE-Student" name="demo.testngdemo.Demo" tests="2" failures="0" timestamp="2 Feb 2021 12:03:29 GMT" time="67.150" errors="0">
  <testcase name="tc_2" time="27.513" classname="demo.testngdemo.Demo"/>
  <testcase name="tc_1" time="39.637" classname="demo.testngdemo.Demo"/>
</testsuite> <!-- demo.testngdemo.Demo -->
